<?xml version="1.0" encoding="UTF-8"?>
<!-- Generated by org.testng.reporters.JUnitReportReporter -->
<testsuite hostname="LAPTOP-6A6JC7K8" failures="0" tests="13" name="automationpackage.MyInfopage" time="101.536" errors="0" timestamp="2024-06-14T11:28:05 NPT" skipped="0">
  <testcase classname="automationpackage.MyInfopage" name="login_invaliddata" time="10.482"/>
  <system-out/>
  <testcase classname="automationpackage.MyInfopage" name="blankdata" time="4.189"/>
  <system-out/>
  <testcase classname="automationpackage.MyInfopage" name="login_validdata" time="5.422"/>
  <system-out/>
  <testcase classname="automationpackage.MyInfopage" name="Addemployee" time="10.546"/>
  <system-out/>
  <testcase classname="automationpackage.MyInfopage" name="Searchemployee" time="5.010"/>
  <system-out/>
  <testcase classname="automationpackage.MyInfopage" name="Deleteemployee" time="5.354"/>
  <system-out/>
  <testcase classname="automationpackage.MyInfopage" name="applyLeave" time="17.141"/>
  <system-out/>
  <testcase classname="automationpackage.MyInfopage" name="viewMyLeave" time="6.200"/>
  <system-out/>
  <testcase classname="automationpackage.MyInfopage" name="cancelLeave" time="8.395"/>
  <system-out/>
  <testcase classname="automationpackage.MyInfopage" name="leaveList" time="8.397"/>
  <system-out/>
  <testcase classname="automationpackage.MyInfopage" name="assignLeave" time="7.329"/>
  <system-out/>
  <testcase classname="automationpackage.MyInfopage" name="viewDetails" time="5.549"/>
  <system-out/>
  <testcase classname="automationpackage.MyInfopage" name="updatePersonalDetails" time="7.522"/>
  <system-out/>
</testsuite> <!-- automationpackage.MyInfopage -->
