<?xml version="1.0" encoding="UTF-8"?>
<!-- Generated by org.testng.reporters.JUnitReportReporter -->
<testsuite hostname="LAPTOP-6A6JC7K8" failures="0" tests="6" name="automationpackage.PIMpage" time="37.091" errors="0" timestamp="2024-06-11T07:36:44 NPT" skipped="0">
  <testcase classname="automationpackage.PIMpage" name="login_invaliddata" time="8.464"/>
  <system-out/>
  <testcase classname="automationpackage.PIMpage" name="blankdata" time="3.318"/>
  <system-out/>
  <testcase classname="automationpackage.PIMpage" name="login_validdata" time="5.415"/>
  <system-out/>
  <testcase classname="automationpackage.PIMpage" name="Addemployee" time="10.875"/>
  <system-out/>
  <testcase classname="automationpackage.PIMpage" name="Searchemployee" time="4.398"/>
  <system-out/>
  <testcase classname="automationpackage.PIMpage" name="Deleteemployee" time="4.621"/>
  <system-out/>
</testsuite> <!-- automationpackage.PIMpage -->
