<?xml version="1.0" encoding="UTF-8"?>
<!-- Generated by org.testng.reporters.JUnitReportReporter -->
<testsuite hostname="LAPTOP-6A6JC7K8" failures="0" tests="3" name="automationpackage.Loginpage" time="17.876" errors="0" timestamp="2024-06-10T13:33:43 NPT" skipped="0">
  <testcase classname="automationpackage.Loginpage" name="login_invaliddata" time="11.149"/>
  <system-out/>
  <testcase classname="automationpackage.Loginpage" name="login_validdata" time="3.463"/>
  <system-out/>
  <testcase classname="automationpackage.Loginpage" name="blankdata" time="3.264"/>
  <system-out/>
</testsuite> <!-- automationpackage.Loginpage -->
