<?xml version="1.0" encoding="UTF-8"?>
<!-- Generated by org.testng.reporters.JUnitReportReporter -->
<testsuite hostname="LAPTOP-6A6JC7K8" failures="0" tests="14" name="automationpackage.Logoutpage" time="113.562" errors="0" timestamp="2024-06-13T21:02:33 NPT" skipped="0">
  <testcase classname="automationpackage.Logoutpage" name="login_invaliddata" time="9.843"/>
  <system-out/>
  <testcase classname="automationpackage.Logoutpage" name="login_validdata" time="5.682"/>
  <system-out/>
  <testcase classname="automationpackage.Logoutpage" name="blankdata" time="3.701"/>
  <system-out/>
  <testcase classname="automationpackage.Logoutpage" name="Addemployee" time="12.244"/>
  <system-out/>
  <testcase classname="automationpackage.Logoutpage" name="Searchemployee" time="9.075"/>
  <system-out/>
  <testcase classname="automationpackage.Logoutpage" name="Deleteemployee" time="5.690"/>
  <system-out/>
  <testcase classname="automationpackage.Logoutpage" name="applyLeave" time="17.584"/>
  <system-out/>
  <testcase classname="automationpackage.Logoutpage" name="viewMyLeave" time="6.302"/>
  <system-out/>
  <testcase classname="automationpackage.Logoutpage" name="cancelLeave" time="8.272"/>
  <system-out/>
  <testcase classname="automationpackage.Logoutpage" name="leaveList" time="8.926"/>
  <system-out/>
  <testcase classname="automationpackage.Logoutpage" name="assignLeave" time="7.461"/>
  <system-out/>
  <testcase classname="automationpackage.Logoutpage" name="viewDetails" time="5.552"/>
  <system-out/>
  <testcase classname="automationpackage.Logoutpage" name="updatePersonalDetails" time="7.680"/>
  <system-out/>
  <testcase classname="automationpackage.Logoutpage" name="logout" time="5.550"/>
  <system-out/>
</testsuite> <!-- automationpackage.Logoutpage -->
